<?xml version="1.0" encoding="UTF-8"?>
<!-- Generated by org.testng.reporters.JUnitXMLReporter -->
<testsuite ignored="0" hostname="OVIYA" failures="0" tests="12" name="Test" time="70.501" errors="0" timestamp="2024-11-18T11:29:09 IST">
  <testcase classname="com.testcases.Flights" name="Verify_user_is_able_to_view_flights_after_navigating_to_homePage" time="5.077"/>
  <testcase classname="com.testcases.Flights" name="Verify_user_is_able_to_enter_location_in_from_and_to_textfield" time="1.709"/>
  <testcase classname="com.testcases.Flights" name="Verify_user_is_able_to_click_on_options_in_depature" time="0.589"/>
  <testcase classname="com.testcases.Flights" name="Verify_user_is_able_to_click_on_options_in_depature_and_return" time="4.179"/>
  <testcase classname="com.testcases.Flights" name="Verify_user_is_able_to_click_on_show_more_options_Link" time="3.162"/>
  <testcase classname="com.testcases.Flights" name="Verify_user_is_able_to_click_on_Search_Flights_button" time="3.478"/>
  <testcase classname="com.testcases.Flights" name="Verify_user_is_able_to_select_particular_flight_from_the_searched_result" time="9.623"/>
  <testcase classname="com.testcases.Flights" name="Verify_user_is_able_to_click_on_book_Flights_button" time="6.834"/>
  <testcase classname="com.testcases.Flights" name="Verify_user_is_able_to_enter_passengers_details" time="5.552"/>
  <testcase classname="com.testcases.Flights" name="Verify_user_is_able_to_click_on_proceed_to_booking" time="3.418"/>
  <testcase classname="com.testcases.Flights" name="Verify_user_is_able_to_able_to_click_on_refundable_or_non_refundable_options" time="3.279"/>
  <testcase classname="com.testcases.Flights" name="Verify_user_is_able_to_book_round_trip" time="6.034"/>
</testsuite> <!-- Test -->
