<?xml version="1.0" encoding="UTF-8"?>
<!-- Generated by org.testng.reporters.JUnitXMLReporter -->
<testsuite ignored="0" hostname="OVIYA" failures="0" tests="12" name="Default test" time="57.142" errors="0" timestamp="2024-11-18T07:47:49 IST">
  <testcase classname="com.testcases.Flights" name="Verify_user_is_able_to_view_flights_after_navigating_to_homePage" time="4.607"/>
  <testcase classname="com.testcases.Flights" name="Verify_user_is_able_to_enter_location_in_from_and_to_textfield" time="1.456"/>
  <testcase classname="com.testcases.Flights" name="Verify_user_is_able_to_click_on_options_in_depature" time="0.589"/>
  <testcase classname="com.testcases.Flights" name="Verify_user_is_able_to_click_on_options_in_depature_and_return" time="4.026"/>
  <testcase classname="com.testcases.Flights" name="Verify_user_is_able_to_click_on_show_more_options_Link" time="2.339"/>
  <testcase classname="com.testcases.Flights" name="Verify_user_is_able_to_click_on_Search_Flights_button" time="3.339"/>
  <testcase classname="com.testcases.Flights" name="Verify_user_is_able_to_select_particular_flight_from_the_searched_result" time="9.588"/>
  <testcase classname="com.testcases.Flights" name="Verify_user_is_able_to_click_on_book_Flights_button" time="5.882"/>
  <testcase classname="com.testcases.Flights" name="Verify_user_is_able_to_enter_passengers_details" time="5.378"/>
  <testcase classname="com.testcases.Flights" name="Verify_user_is_able_to_click_on_proceed_to_booking" time="3.35"/>
  <testcase classname="com.testcases.Flights" name="Verify_user_is_able_to_able_to_click_on_refundable_or_non_refundable_options" time="3.247"/>
  <testcase classname="com.testcases.Flights" name="Verify_user_is_able_to_book_round_trip" time="3.232"/>
</testsuite> <!-- Default test -->
